<?xml version="1.0" encoding="UTF-8"?>
<!-- Generated by org.testng.reporters.JUnitXMLReporter -->
<testsuite ignored="5" hostname="Nilesh" failures="0" tests="14" name="Test" time="40.58" errors="0" timestamp="2022-10-20T17:07:44 IST">
  <testcase classname="TestClass.CartPage3Test" name="@BeforeMethod setup" time="15.484">
    <failure type="org.openqa.selenium.WebDriverException" message="unknown error: cannot determine loading status
from unknown error: cannot determine loading status
from target frame detached
  (Session info: chrome=106.0.5249.119)
Build info: version: &amp;apos;4.0.0&amp;apos;, revision: &amp;apos;3a21814679&amp;apos;
System info: host: &amp;apos;NILESH&amp;apos;, ip: &amp;apos;192.168.106.224&amp;apos;, os.name: &amp;apos;Windows 11&amp;apos;, os.arch: &amp;apos;amd64&amp;apos;, os.version: &amp;apos;10.0&amp;apos;, java.version: &amp;apos;11.0.15.1&amp;apos;
Driver info: org.openqa.selenium.chrome.ChromeDriver
Command: [1f92de629e1442a942a8e5946d13ffa5, get {url=https://www.saucedemo.com/}]
Capabilities {acceptInsecureCerts: false, browserName: chrome, browserVersion: 106.0.5249.119, chrome: {chromedriverVersion: 106.0.5249.61 (511755355844..., userDataDir: C:\Users\NILESH\AppData\Loc...}, goog:chromeOptions: {debuggerAddress: localhost:59191}, javascriptEnabled: true, networkConnectionEnabled: false, pageLoadStrategy: normal, platform: WINDOWS, platformName: WINDOWS, proxy: Proxy(), se:cdp: ws://localhost:59191/devtoo..., se:cdpVersion: 106.0.5249.119, setWindowRect: true, strictFileInteractability: false, timeouts: {implicit: 0, pageLoad: 300000, script: 30000}, unhandledPromptBehavior: dismiss and notify, webauthn:extension:credBlob: true, webauthn:extension:largeBlob: true, webauthn:virtualAuthenticators: true}
Session ID: 1f92de629e1442a942a8e5946d13ffa5">
      <![CDATA[org.openqa.selenium.WebDriverException: unknown error: cannot determine loading status
from unknown error: cannot determine loading status
from target frame detached
  (Session info: chrome=106.0.5249.119)
Build info: version: '4.0.0', revision: '3a21814679'
System info: host: 'NILESH', ip: '192.168.106.224', os.name: 'Windows 11', os.arch: 'amd64', os.version: '10.0', java.version: '11.0.15.1'
Driver info: org.openqa.selenium.chrome.ChromeDriver
Command: [1f92de629e1442a942a8e5946d13ffa5, get {url=https://www.saucedemo.com/}]
Capabilities {acceptInsecureCerts: false, browserName: chrome, browserVersion: 106.0.5249.119, chrome: {chromedriverVersion: 106.0.5249.61 (511755355844..., userDataDir: C:\Users\NILESH\AppData\Loc...}, goog:chromeOptions: {debuggerAddress: localhost:59191}, javascriptEnabled: true, networkConnectionEnabled: false, pageLoadStrategy: normal, platform: WINDOWS, platformName: WINDOWS, proxy: Proxy(), se:cdp: ws://localhost:59191/devtoo..., se:cdpVersion: 106.0.5249.119, setWindowRect: true, strictFileInteractability: false, timeouts: {implicit: 0, pageLoad: 300000, script: 30000}, unhandledPromptBehavior: dismiss and notify, webauthn:extension:credBlob: true, webauthn:extension:largeBlob: true, webauthn:virtualAuthenticators: true}
Session ID: 1f92de629e1442a942a8e5946d13ffa5
at org.openqa.selenium.remote.codec.w3c.W3CHttpResponseCodec.createException(W3CHttpResponseCodec.java:200)
at org.openqa.selenium.remote.codec.w3c.W3CHttpResponseCodec.decode(W3CHttpResponseCodec.java:133)
at org.openqa.selenium.remote.codec.w3c.W3CHttpResponseCodec.decode(W3CHttpResponseCodec.java:53)
at org.openqa.selenium.remote.HttpCommandExecutor.execute(HttpCommandExecutor.java:184)
at org.openqa.selenium.remote.service.DriverCommandExecutor.invokeExecute(DriverCommandExecutor.java:164)
at org.openqa.selenium.remote.service.DriverCommandExecutor.execute(DriverCommandExecutor.java:139)
at org.openqa.selenium.remote.RemoteWebDriver.execute(RemoteWebDriver.java:559)
at org.openqa.selenium.remote.RemoteWebDriver.get(RemoteWebDriver.java:328)
at Base.TestBase.initalization(TestBase.java:20)
at TestClass.CartPage3Test.setup(CartPage3Test.java:26)
at java.base/java.util.ArrayList.forEach(ArrayList.java:1541)
... Removed 35 stack frames]]>
    </failure>
  </testcase> <!-- @BeforeMethod setup -->
  <testcase classname="TestClass.CartPage3Test" name="@AfterMethod closeBrowser" time="0.0">
    <skipped/>
  </testcase> <!-- @AfterMethod closeBrowser -->
  <testcase classname="TestClass.CartPage3Test" name="@BeforeMethod setup" time="0.0">
    <skipped/>
  </testcase> <!-- @BeforeMethod setup -->
  <testcase classname="TestClass.CartPage3Test" name="@AfterMethod closeBrowser" time="0.0">
    <skipped/>
  </testcase> <!-- @AfterMethod closeBrowser -->
  <testcase classname="TestClass.CartPage3Test" name="@BeforeMethod setup" time="0.0">
    <skipped/>
  </testcase> <!-- @BeforeMethod setup -->
  <testcase classname="TestClass.CartPage3Test" name="@AfterMethod closeBrowser" time="0.0">
    <skipped/>
  </testcase> <!-- @AfterMethod closeBrowser -->
  <testcase classname="TestClass.CartPage3Test" name="@BeforeMethod setup" time="0.0">
    <skipped/>
  </testcase> <!-- @BeforeMethod setup -->
  <testcase classname="TestClass.CartPage3Test" name="@AfterMethod closeBrowser" time="0.0">
    <skipped/>
  </testcase> <!-- @AfterMethod closeBrowser -->
  <testcase classname="TestClass.CartPage3Test" name="@BeforeMethod setup" time="0.0">
    <skipped/>
  </testcase> <!-- @BeforeMethod setup -->
  <testcase classname="TestClass.CartPage3Test" name="@AfterMethod closeBrowser" time="0.0">
    <skipped/>
  </testcase> <!-- @AfterMethod closeBrowser -->
  <testcase classname="TestClass.CheckOutP5Test" name="@BeforeMethod setup" time="24.946">
    <failure type="org.openqa.selenium.remote.UnreachableBrowserException" message="Error communicating with the remote browser. It may have died.
Build info: version: &amp;apos;4.0.0&amp;apos;, revision: &amp;apos;3a21814679&amp;apos;
System info: host: &amp;apos;NILESH&amp;apos;, ip: &amp;apos;192.168.106.224&amp;apos;, os.name: &amp;apos;Windows 11&amp;apos;, os.arch: &amp;apos;amd64&amp;apos;, os.version: &amp;apos;10.0&amp;apos;, java.version: &amp;apos;11.0.15.1&amp;apos;
Driver info: org.openqa.selenium.chrome.ChromeDriver
Command: [6846dc7801b3982e8313f994a8e9ff6a, get {url=https://www.saucedemo.com/}]
Capabilities {acceptInsecureCerts: false, browserName: chrome, browserVersion: 106.0.5249.119, chrome: {chromedriverVersion: 106.0.5249.61 (511755355844..., userDataDir: C:\Users\NILESH\AppData\Loc...}, goog:chromeOptions: {debuggerAddress: localhost:59210}, javascriptEnabled: true, networkConnectionEnabled: false, pageLoadStrategy: normal, platform: WINDOWS, platformName: WINDOWS, proxy: Proxy(), se:cdp: ws://localhost:59210/devtoo..., se:cdpVersion: 106.0.5249.119, setWindowRect: true, strictFileInteractability: false, timeouts: {implicit: 0, pageLoad: 300000, script: 30000}, unhandledPromptBehavior: dismiss and notify, webauthn:extension:credBlob: true, webauthn:extension:largeBlob: true, webauthn:virtualAuthenticators: true}
Session ID: 6846dc7801b3982e8313f994a8e9ff6a">
      <![CDATA[org.openqa.selenium.remote.UnreachableBrowserException: Error communicating with the remote browser. It may have died.
Build info: version: '4.0.0', revision: '3a21814679'
System info: host: 'NILESH', ip: '192.168.106.224', os.name: 'Windows 11', os.arch: 'amd64', os.version: '10.0', java.version: '11.0.15.1'
Driver info: org.openqa.selenium.chrome.ChromeDriver
Command: [6846dc7801b3982e8313f994a8e9ff6a, get {url=https://www.saucedemo.com/}]
Capabilities {acceptInsecureCerts: false, browserName: chrome, browserVersion: 106.0.5249.119, chrome: {chromedriverVersion: 106.0.5249.61 (511755355844..., userDataDir: C:\Users\NILESH\AppData\Loc...}, goog:chromeOptions: {debuggerAddress: localhost:59210}, javascriptEnabled: true, networkConnectionEnabled: false, pageLoadStrategy: normal, platform: WINDOWS, platformName: WINDOWS, proxy: Proxy(), se:cdp: ws://localhost:59210/devtoo..., se:cdpVersion: 106.0.5249.119, setWindowRect: true, strictFileInteractability: false, timeouts: {implicit: 0, pageLoad: 300000, script: 30000}, unhandledPromptBehavior: dismiss and notify, webauthn:extension:credBlob: true, webauthn:extension:largeBlob: true, webauthn:virtualAuthenticators: true}
Session ID: 6846dc7801b3982e8313f994a8e9ff6a
at org.openqa.selenium.remote.RemoteWebDriver.execute(RemoteWebDriver.java:583)
at org.openqa.selenium.remote.RemoteWebDriver.get(RemoteWebDriver.java:328)
at Base.TestBase.initalization(TestBase.java:20)
at TestClass.CheckOutP5Test.setup(CheckOutP5Test.java:32)
at java.base/java.util.ArrayList.forEach(ArrayList.java:1541)
Caused by: java.io.UncheckedIOException: java.net.ConnectException: Connection refused: no further information: localhost/0:0:0:0:0:0:0:1:55725
at org.openqa.selenium.remote.http.netty.NettyHttpHandler.makeCall(NettyHttpHandler.java:80)
at org.openqa.selenium.remote.http.AddSeleniumUserAgent.lambda$apply$0(AddSeleniumUserAgent.java:42)
at org.openqa.selenium.remote.http.Filter.lambda$andFinally$1(Filter.java:56)
at org.openqa.selenium.remote.http.netty.NettyHttpHandler.execute(NettyHttpHandler.java:51)
at org.openqa.selenium.remote.http.AddSeleniumUserAgent.lambda$apply$0(AddSeleniumUserAgent.java:42)
at org.openqa.selenium.remote.http.Filter.lambda$andFinally$1(Filter.java:56)
at org.openqa.selenium.remote.http.netty.NettyClient.execute(NettyClient.java:119)
at org.openqa.selenium.remote.HttpCommandExecutor.execute(HttpCommandExecutor.java:181)
at org.openqa.selenium.remote.service.DriverCommandExecutor.invokeExecute(DriverCommandExecutor.java:164)
at org.openqa.selenium.remote.service.DriverCommandExecutor.execute(DriverCommandExecutor.java:139)
at org.openqa.selenium.remote.RemoteWebDriver.execute(RemoteWebDriver.java:559)
... 35 more
Caused by: java.net.ConnectException: Connection refused: no further information: localhost/0:0:0:0:0:0:0:1:55725
at org.asynchttpclient.netty.channel.NettyConnectListener.onFailure(NettyConnectListener.java:179)
at org.asynchttpclient.netty.channel.NettyChannelConnector$1.onFailure(NettyChannelConnector.java:108)
at org.asynchttpclient.netty.SimpleChannelFutureListener.operationComplete(SimpleChannelFutureListener.java:28)
at org.asynchttpclient.netty.SimpleChannelFutureListener.operationComplete(SimpleChannelFutureListener.java:20)
at io.netty.util.concurrent.DefaultPromise.notifyListener0(DefaultPromise.java:578)
at io.netty.util.concurrent.DefaultPromise.notifyListeners0(DefaultPromise.java:571)
at io.netty.util.concurrent.DefaultPromise.notifyListenersNow(DefaultPromise.java:550)
at io.netty.util.concurrent.DefaultPromise.notifyListeners(DefaultPromise.java:491)
at io.netty.util.concurrent.DefaultPromise.setValue0(DefaultPromise.java:616)
at io.netty.util.concurrent.DefaultPromise.setFailure0(DefaultPromise.java:609)
at io.netty.util.concurrent.DefaultPromise.tryFailure(DefaultPromise.java:117)
at io.netty.channel.nio.AbstractNioChannel$AbstractNioUnsafe.fulfillConnectPromise(AbstractNioChannel.java:321)
at io.netty.channel.nio.AbstractNioChannel$AbstractNioUnsafe.finishConnect(AbstractNioChannel.java:337)
at io.netty.channel.nio.NioEventLoop.processSelectedKey(NioEventLoop.java:707)
at io.netty.channel.nio.NioEventLoop.processSelectedKeysOptimized(NioEventLoop.java:655)
at io.netty.channel.nio.NioEventLoop.processSelectedKeys(NioEventLoop.java:581)
at io.netty.channel.nio.NioEventLoop.run(NioEventLoop.java:493)
at io.netty.util.concurrent.SingleThreadEventExecutor$4.run(SingleThreadEventExecutor.java:986)
at io.netty.util.internal.ThreadExecutorMap$2.run(ThreadExecutorMap.java:74)
at io.netty.util.concurrent.FastThreadLocalRunnable.run(FastThreadLocalRunnable.java:30)
at java.base/java.lang.Thread.run(Thread.java:834)
Caused by: io.netty.channel.AbstractChannel$AnnotatedConnectException: Connection refused: no further information: localhost/0:0:0:0:0:0:0:1:55725
Caused by: java.net.ConnectException: Connection refused: no further information
at java.base/sun.nio.ch.SocketChannelImpl.checkConnect(Native Method)
at java.base/sun.nio.ch.SocketChannelImpl.finishConnect(SocketChannelImpl.java:779)
at io.netty.channel.socket.nio.NioSocketChannel.doFinishConnect(NioSocketChannel.java:330)
at io.netty.channel.nio.AbstractNioChannel$AbstractNioUnsafe.finishConnect(AbstractNioChannel.java:334)
at io.netty.channel.nio.NioEventLoop.processSelectedKey(NioEventLoop.java:707)
at io.netty.channel.nio.NioEventLoop.processSelectedKeysOptimized(NioEventLoop.java:655)
at io.netty.channel.nio.NioEventLoop.processSelectedKeys(NioEventLoop.java:581)
at io.netty.channel.nio.NioEventLoop.run(NioEventLoop.java:493)
at io.netty.util.concurrent.SingleThreadEventExecutor$4.run(SingleThreadEventExecutor.java:986)
at io.netty.util.internal.ThreadExecutorMap$2.run(ThreadExecutorMap.java:74)
at io.netty.util.concurrent.FastThreadLocalRunnable.run(FastThreadLocalRunnable.java:30)
at java.base/java.lang.Thread.run(Thread.java:834)
... Removed 31 stack frames]]>
    </failure>
  </testcase> <!-- @BeforeMethod setup -->
  <testcase classname="TestClass.CheckOutP5Test" name="@AfterMethod closedbroweser" time="0.0">
    <skipped/>
  </testcase> <!-- @AfterMethod closedbroweser -->
  <testcase classname="TestClass.CheckOutP5Test" name="@BeforeMethod setup" time="0.0">
    <skipped/>
  </testcase> <!-- @BeforeMethod setup -->
  <testcase classname="TestClass.CheckOutP5Test" name="@AfterMethod closedbroweser" time="0.0">
    <skipped/>
  </testcase> <!-- @AfterMethod closedbroweser -->
  <testcase classname="TestClass.CheckOutP5Test" name="@BeforeMethod setup" time="0.0">
    <skipped/>
  </testcase> <!-- @BeforeMethod setup -->
  <testcase classname="TestClass.CheckOutP5Test" name="@AfterMethod closedbroweser" time="0.0">
    <skipped/>
  </testcase> <!-- @AfterMethod closedbroweser -->
  <testcase classname="TestClass.CheckOutP5Test" name="@BeforeMethod setup" time="0.0">
    <skipped/>
  </testcase> <!-- @BeforeMethod setup -->
  <testcase classname="TestClass.CheckOutP5Test" name="@AfterMethod closedbroweser" time="0.0">
    <skipped/>
  </testcase> <!-- @AfterMethod closedbroweser -->
  <testcase classname="TestClass.CheckOutP5Test" name="@BeforeMethod setup" time="0.0">
    <skipped/>
  </testcase> <!-- @BeforeMethod setup -->
  <testcase classname="TestClass.CheckOutP5Test" name="@AfterMethod closedbroweser" time="0.0">
    <skipped/>
  </testcase> <!-- @AfterMethod closedbroweser -->
  <testcase classname="TestClass.CheckOutP5Test" name="@BeforeMethod setup" time="0.0">
    <skipped/>
  </testcase> <!-- @BeforeMethod setup -->
  <testcase classname="TestClass.CheckOutP5Test" name="@AfterMethod closedbroweser" time="0.0">
    <skipped/>
  </testcase> <!-- @AfterMethod closedbroweser -->
  <testcase classname="TestClass.CheckOutP5Test" name="@BeforeMethod setup" time="0.0">
    <skipped/>
  </testcase> <!-- @BeforeMethod setup -->
  <testcase classname="TestClass.CheckOutP5Test" name="@AfterMethod closedbroweser" time="0.0">
    <skipped/>
  </testcase> <!-- @AfterMethod closedbroweser -->
  <testcase classname="TestClass.CheckOutP5Test" name="@BeforeMethod setup" time="0.0">
    <skipped/>
  </testcase> <!-- @BeforeMethod setup -->
  <testcase classname="TestClass.CheckOutP5Test" name="@AfterMethod closedbroweser" time="0.0">
    <skipped/>
  </testcase> <!-- @AfterMethod closedbroweser -->
  <testcase classname="TestClass.CheckOutP5Test" name="@BeforeMethod setup" time="0.0">
    <skipped/>
  </testcase> <!-- @BeforeMethod setup -->
  <testcase classname="TestClass.CheckOutP5Test" name="@AfterMethod closedbroweser" time="0.0">
    <skipped/>
  </testcase> <!-- @AfterMethod closedbroweser -->
  <testcase classname="TestClass.CartPage3Test" name="LinkdinlogoTest" time="0.0">
    <skipped/>
  </testcase> <!-- LinkdinlogoTest -->
  <testcase classname="TestClass.CartPage3Test" name="LinkdinlogoTest" time="0.0">
    <skipped/>
  </testcase> <!-- LinkdinlogoTest -->
  <testcase classname="TestClass.CartPage3Test" name="LinkdinlogoTest" time="0.0">
    <skipped/>
  </testcase> <!-- LinkdinlogoTest -->
  <testcase classname="TestClass.CartPage3Test" name="LinkdinlogoTest" time="0.0">
    <skipped/>
  </testcase> <!-- LinkdinlogoTest -->
  <testcase classname="TestClass.CartPage3Test" name="LinkdinlogoTest" time="0.001">
    <skipped/>
  </testcase> <!-- LinkdinlogoTest -->
  <testcase classname="TestClass.CheckOutP5Test" name="finbtnTest" time="0.0">
    <skipped/>
  </testcase> <!-- finbtnTest -->
  <testcase classname="TestClass.CheckOutP5Test" name="itemTest" time="0.0">
    <skipped/>
  </testcase> <!-- itemTest -->
  <testcase classname="TestClass.CheckOutP5Test" name="payinfoTest" time="0.003">
    <skipped/>
  </testcase> <!-- payinfoTest -->
  <testcase classname="TestClass.CheckOutP5Test" name="payiswascardnfoTest" time="0.0">
    <skipped/>
  </testcase> <!-- payiswascardnfoTest -->
  <testcase classname="TestClass.CheckOutP5Test" name="ponyTest" time="0.0">
    <skipped/>
  </testcase> <!-- ponyTest -->
  <testcase classname="TestClass.CheckOutP5Test" name="qtydiTest" time="0.0">
    <skipped/>
  </testcase> <!-- qtydiTest -->
  <testcase classname="TestClass.CheckOutP5Test" name="taxTestTest" time="0.0">
    <skipped/>
  </testcase> <!-- taxTestTest -->
  <testcase classname="TestClass.CheckOutP5Test" name="verifycurrentUrlTest" time="0.0">
    <skipped/>
  </testcase> <!-- verifycurrentUrlTest -->
  <testcase classname="TestClass.CheckOutP5Test" name="verifylebel1checkTest" time="0.0">
    <skipped/>
  </testcase> <!-- verifylebel1checkTest -->
  <testcase classname="TestClass.CartPage3Test" name="checkoutTest" time="0.0">
    <ignored/>
  </testcase> <!-- checkoutTest -->
  <testcase classname="TestClass.CartPage3Test" name="TweeterLogoTest" time="0.0">
    <ignored/>
  </testcase> <!-- TweeterLogoTest -->
  <testcase classname="TestClass.CartPage3Test" name="FaceBookLogoTest" time="0.0">
    <ignored/>
  </testcase> <!-- FaceBookLogoTest -->
  <testcase classname="TestClass.CartPage3Test" name="verifySmalllogo1Test" time="0.0">
    <ignored/>
  </testcase> <!-- verifySmalllogo1Test -->
  <testcase classname="TestClass.CartPage3Test" name="verifybiglogoTest" time="0.0">
    <ignored/>
  </testcase> <!-- verifybiglogoTest -->
</testsuite> <!-- Test -->
